<?xml version="1.0" encoding="UTF-8"?>
<!-- Generated by org.testng.reporters.JUnitReportReporter -->
<testsuite hostname="DESKTOP-JKMLIMQ" failures="0" tests="1" name="testing.Groups_Learning_TC_005" time="0.006" errors="0" timestamp="2023-10-12T00:48:33 IST" skipped="0">
  <testcase classname="testing.Groups_Learning_TC_005" name="cart_page_validation" time="0.006"/>
</testsuite> <!-- testing.Groups_Learning_TC_005 -->
