<?xml version="1.0" encoding="UTF-8"?>
<!-- Generated by org.testng.reporters.JUnitReportReporter -->
<testsuite hostname="DESKTOP-JKMLIMQ" failures="0" tests="12" name="testScripts.GoogleTest" time="2.717" errors="0" timestamp="2023-10-13T00:26:10 IST" skipped="0">
  <testcase classname="testScripts.GoogleTest" name="title_url" time="0.045"/>
  <testcase classname="testScripts.GoogleTest" name="test_the_SearchTextBox" time="0.160"/>
  <testcase classname="testScripts.GoogleTest" name="test_the_SearchTextBox" time="0.117"/>
  <testcase classname="testScripts.GoogleTest" name="test_the_SearchTextBox" time="0.398"/>
  <testcase classname="testScripts.GoogleTest" name="title_url" time="0.103"/>
  <testcase classname="testScripts.GoogleTest" name="test_theLogo" time="1.189"/>
  <testcase classname="testScripts.GoogleTest" name="title_url" time="0.056"/>
  <testcase classname="testScripts.GoogleTest" name="test_the_SearchTextBox" time="0.101"/>
  <testcase classname="testScripts.GoogleTest" name="test_theLogo" time="0.188"/>
  <testcase classname="testScripts.GoogleTest" name="test_theLogo" time="0.098"/>
  <testcase classname="testScripts.GoogleTest" name="title_url" time="0.056"/>
  <testcase classname="testScripts.GoogleTest" name="test_theLogo" time="0.206"/>
</testsuite> <!-- testScripts.GoogleTest -->
