<?xml version="1.0" encoding="UTF-8"?>
<!-- Generated by org.testng.reporters.JUnitReportReporter -->
<testsuite hostname="DESKTOP-JKMLIMQ" failures="0" tests="4" name="testing.Priority_Learning_TC_004" time="0.092" errors="0" timestamp="2023-10-12T00:48:33 IST" skipped="0">
  <testcase classname="testing.Priority_Learning_TC_004" name="signup_page_validation" time="0.075"/>
  <testcase classname="testing.Priority_Learning_TC_004" name="signin_page_validation" time="0.003"/>
  <testcase classname="testing.Priority_Learning_TC_004" name="home_page_validation" time="0.007"/>
  <testcase classname="testing.Priority_Learning_TC_004" name="cart_page_validation" time="0.007"/>
</testsuite> <!-- testing.Priority_Learning_TC_004 -->
