<?xml version="1.0" encoding="UTF-8"?>
<!-- Generated by org.testng.reporters.JUnitReportReporter -->
<testsuite hostname="DESKTOP-JKMLIMQ" failures="0" tests="4" name="testing.TC_004" time="0.129" errors="0" timestamp="2023-10-12T00:17:49 IST" skipped="0">
  <testcase classname="testing.TC_004" name="signup_page_validation" time="0.112"/>
  <testcase classname="testing.TC_004" name="signin_page_validation" time="0.004"/>
  <testcase classname="testing.TC_004" name="home_page_validation" time="0.005"/>
  <testcase classname="testing.TC_004" name="cart_page_validation" time="0.008"/>
</testsuite> <!-- testing.TC_004 -->
