<?xml version="1.0" encoding="UTF-8"?>
<!-- Generated by org.testng.reporters.JUnitReportReporter -->
<testsuite hostname="DESKTOP-JKMLIMQ" failures="0" tests="1" name="testing.TC_003" time="3.710" errors="0" timestamp="2023-10-11T23:39:33 IST" skipped="0">
  <testcase classname="testing.TC_003" name="test_homepage_1" time="3.710"/>
</testsuite> <!-- testing.TC_003 -->
