<?xml version="1.0" encoding="UTF-8"?>
<!-- Generated by org.testng.reporters.JUnitReportReporter -->
<testsuite hostname="DESKTOP-JKMLIMQ" failures="0" tests="12" name="testScripts.W3School_Test" time="0.889" errors="0" timestamp="2023-10-13T00:26:10 IST" skipped="0">
  <testcase classname="testScripts.W3School_Test" name="test_theLogo" time="0.110"/>
  <testcase classname="testScripts.W3School_Test" name="test_the_SearchTextBox" time="0.097"/>
  <testcase classname="testScripts.W3School_Test" name="title_url" time="0.024"/>
  <testcase classname="testScripts.W3School_Test" name="test_theLogo" time="0.110"/>
  <testcase classname="testScripts.W3School_Test" name="test_the_SearchTextBox" time="0.103"/>
  <testcase classname="testScripts.W3School_Test" name="test_theLogo" time="0.102"/>
  <testcase classname="testScripts.W3School_Test" name="title_url" time="0.057"/>
  <testcase classname="testScripts.W3School_Test" name="test_the_SearchTextBox" time="0.045"/>
  <testcase classname="testScripts.W3School_Test" name="title_url" time="0.037"/>
  <testcase classname="testScripts.W3School_Test" name="test_the_SearchTextBox" time="0.086"/>
  <testcase classname="testScripts.W3School_Test" name="title_url" time="0.017"/>
  <testcase classname="testScripts.W3School_Test" name="test_theLogo" time="0.101"/>
</testsuite> <!-- testScripts.W3School_Test -->
