<?xml version="1.0" encoding="UTF-8"?>
<!-- Generated by org.testng.reporters.JUnitReportReporter -->
<testsuite hostname="DESKTOP-JKMLIMQ" failures="0" tests="2" name="testing.TC_001" time="0.412" errors="0" timestamp="2023-10-11T01:01:42 IST" skipped="0">
  <testcase classname="testing.TC_001" name="do_testing" time="0.408"/>
  <testcase classname="testing.TC_001" name="do_testing_1" time="0.004"/>
</testsuite> <!-- testing.TC_001 -->
