<?xml version="1.0" encoding="UTF-8"?>
<!-- Generated by org.testng.reporters.JUnitReportReporter -->
<testsuite hostname="DESKTOP-JKMLIMQ" failures="0" tests="3" name="testing.TC_003" time="2.987" errors="0" timestamp="2023-10-17T23:07:59 IST" skipped="0">
  <testcase classname="testing.TC_003" name="testing_3" time="0.006"/>
  <testcase classname="testing.TC_003" name="test_homepage_1" time="0.736"/>
  <testcase classname="testing.TC_003" name="test_Contact_us_2" time="2.245"/>
</testsuite> <!-- testing.TC_003 -->
